[1.036s] DEBUG:colcon:Command line arguments: ['/usr/bin/colcon', 'list', '-p', '--base-paths', '/home/orhan/turtle_homework1_v2']
[1.039s] DEBUG:colcon:Parsed command line arguments: Namespace(allow_overriding=[], base_paths=['/home/orhan/turtle_homework1_v2'], build_base='build', ignore_user_meta=False, log_base=None, log_level=None, main=<bound method ListVerb.main of <colcon_package_information.verb.list.ListVerb object at 0x7f82e79ff6d0>>, metas=['./colcon.meta'], mixin=None, mixin_files=None, mixin_verb=('list',), names_only=False, packages_above=None, packages_above_and_dependencies=None, packages_above_depth=None, packages_end=None, packages_ignore=None, packages_ignore_regex=None, packages_select=None, packages_select_build_failed=False, packages_select_by_dep=None, packages_select_regex=None, packages_select_test_failures=False, packages_skip=None, packages_skip_build_finished=False, packages_skip_by_dep=None, packages_skip_regex=None, packages_skip_test_passed=False, packages_skip_up_to=None, packages_start=None, packages_up_to=None, packages_up_to_regex=None, paths=None, paths_only=True, topological_graph=False, topological_graph_density=False, topological_graph_dot=False, topological_graph_dot_cluster=False, topological_graph_dot_include_skipped=False, topological_graph_legend=False, topological_order=False, verb_extension=<colcon_package_information.verb.list.ListVerb object at 0x7f82e79ff6d0>, verb_name='list', verb_parser=<colcon_mixin.mixin.mixin_argument.MixinArgumentDecorator object at 0x7f82e7a12a60>)
[1.890s] Level 1:colcon.colcon_core.package_discovery:discover_packages(colcon_meta) check parameters
[1.891s] Level 1:colcon.colcon_core.package_discovery:discover_packages(recursive) check parameters
[1.891s] Level 1:colcon.colcon_core.package_discovery:discover_packages(ignore) check parameters
[1.891s] Level 1:colcon.colcon_core.package_discovery:discover_packages(path) check parameters
[1.891s] Level 1:colcon.colcon_core.package_discovery:discover_packages(recursive) discover
[1.891s] INFO:colcon.colcon_core.package_discovery:Crawling recursively for packages in '/home/orhan/turtle_homework1_v2'
[1.891s] Level 1:colcon.colcon_core.package_identification:_identify(/home/orhan/turtle_homework1_v2) by extensions ['ignore', 'ignore_ament_install']
[1.892s] Level 1:colcon.colcon_core.package_identification:_identify(/home/orhan/turtle_homework1_v2) by extension 'ignore'
[1.897s] Level 1:colcon.colcon_core.package_identification:_identify(/home/orhan/turtle_homework1_v2) by extension 'ignore_ament_install'
[1.897s] Level 1:colcon.colcon_core.package_identification:_identify(/home/orhan/turtle_homework1_v2) by extensions ['colcon_pkg']
[1.897s] Level 1:colcon.colcon_core.package_identification:_identify(/home/orhan/turtle_homework1_v2) by extension 'colcon_pkg'
[1.898s] Level 1:colcon.colcon_core.package_identification:_identify(/home/orhan/turtle_homework1_v2) by extensions ['colcon_meta']
[1.898s] Level 1:colcon.colcon_core.package_identification:_identify(/home/orhan/turtle_homework1_v2) by extension 'colcon_meta'
[1.898s] Level 1:colcon.colcon_core.package_identification:_identify(/home/orhan/turtle_homework1_v2) by extensions ['ros']
[1.898s] Level 1:colcon.colcon_core.package_identification:_identify(/home/orhan/turtle_homework1_v2) by extension 'ros'
[1.950s] Level 1:colcon.colcon_core.package_identification:_identify(/home/orhan/turtle_homework1_v2) by extensions ['cmake', 'python']
[1.950s] Level 1:colcon.colcon_core.package_identification:_identify(/home/orhan/turtle_homework1_v2) by extension 'cmake'
[1.950s] Level 1:colcon.colcon_core.package_identification:_identify(/home/orhan/turtle_homework1_v2) by extension 'python'
[1.950s] Level 1:colcon.colcon_core.package_identification:_identify(/home/orhan/turtle_homework1_v2) by extensions ['python_setup_py']
[1.950s] Level 1:colcon.colcon_core.package_identification:_identify(/home/orhan/turtle_homework1_v2) by extension 'python_setup_py'
[1.951s] Level 1:colcon.colcon_core.package_identification:_identify(/home/orhan/turtle_homework1_v2/build) by extensions ['ignore', 'ignore_ament_install']
[1.951s] Level 1:colcon.colcon_core.package_identification:_identify(/home/orhan/turtle_homework1_v2/build) by extension 'ignore'
[1.951s] Level 1:colcon.colcon_core.package_identification:_identify(/home/orhan/turtle_homework1_v2/build) ignored
[1.953s] Level 1:colcon.colcon_core.package_identification:_identify(/home/orhan/turtle_homework1_v2/install) by extensions ['ignore', 'ignore_ament_install']
[1.953s] Level 1:colcon.colcon_core.package_identification:_identify(/home/orhan/turtle_homework1_v2/install) by extension 'ignore'
[1.954s] Level 1:colcon.colcon_core.package_identification:_identify(/home/orhan/turtle_homework1_v2/install) ignored
[1.954s] Level 1:colcon.colcon_core.package_identification:_identify(/home/orhan/turtle_homework1_v2/log) by extensions ['ignore', 'ignore_ament_install']
[1.954s] Level 1:colcon.colcon_core.package_identification:_identify(/home/orhan/turtle_homework1_v2/log) by extension 'ignore'
[1.954s] Level 1:colcon.colcon_core.package_identification:_identify(/home/orhan/turtle_homework1_v2/log) ignored
[1.955s] Level 1:colcon.colcon_core.package_identification:_identify(/home/orhan/turtle_homework1_v2/src) by extensions ['ignore', 'ignore_ament_install']
[1.955s] Level 1:colcon.colcon_core.package_identification:_identify(/home/orhan/turtle_homework1_v2/src) by extension 'ignore'
[1.955s] Level 1:colcon.colcon_core.package_identification:_identify(/home/orhan/turtle_homework1_v2/src) by extension 'ignore_ament_install'
[1.955s] Level 1:colcon.colcon_core.package_identification:_identify(/home/orhan/turtle_homework1_v2/src) by extensions ['colcon_pkg']
[1.955s] Level 1:colcon.colcon_core.package_identification:_identify(/home/orhan/turtle_homework1_v2/src) by extension 'colcon_pkg'
[1.955s] Level 1:colcon.colcon_core.package_identification:_identify(/home/orhan/turtle_homework1_v2/src) by extensions ['colcon_meta']
[1.955s] Level 1:colcon.colcon_core.package_identification:_identify(/home/orhan/turtle_homework1_v2/src) by extension 'colcon_meta'
[1.956s] Level 1:colcon.colcon_core.package_identification:_identify(/home/orhan/turtle_homework1_v2/src) by extensions ['ros']
[1.956s] Level 1:colcon.colcon_core.package_identification:_identify(/home/orhan/turtle_homework1_v2/src) by extension 'ros'
[1.957s] Level 1:colcon.colcon_core.package_identification:_identify(/home/orhan/turtle_homework1_v2/src) by extensions ['cmake', 'python']
[1.958s] Level 1:colcon.colcon_core.package_identification:_identify(/home/orhan/turtle_homework1_v2/src) by extension 'cmake'
[1.958s] Level 1:colcon.colcon_core.package_identification:_identify(/home/orhan/turtle_homework1_v2/src) by extension 'python'
[1.958s] Level 1:colcon.colcon_core.package_identification:_identify(/home/orhan/turtle_homework1_v2/src) by extensions ['python_setup_py']
[1.958s] Level 1:colcon.colcon_core.package_identification:_identify(/home/orhan/turtle_homework1_v2/src) by extension 'python_setup_py'
[1.958s] Level 1:colcon.colcon_core.package_identification:_identify(/home/orhan/turtle_homework1_v2/src/turtles) by extensions ['ignore', 'ignore_ament_install']
[1.958s] Level 1:colcon.colcon_core.package_identification:_identify(/home/orhan/turtle_homework1_v2/src/turtles) by extension 'ignore'
[1.959s] Level 1:colcon.colcon_core.package_identification:_identify(/home/orhan/turtle_homework1_v2/src/turtles) by extension 'ignore_ament_install'
[1.959s] Level 1:colcon.colcon_core.package_identification:_identify(/home/orhan/turtle_homework1_v2/src/turtles) by extensions ['colcon_pkg']
[1.959s] Level 1:colcon.colcon_core.package_identification:_identify(/home/orhan/turtle_homework1_v2/src/turtles) by extension 'colcon_pkg'
[1.960s] Level 1:colcon.colcon_core.package_identification:_identify(/home/orhan/turtle_homework1_v2/src/turtles) by extensions ['colcon_meta']
[1.960s] Level 1:colcon.colcon_core.package_identification:_identify(/home/orhan/turtle_homework1_v2/src/turtles) by extension 'colcon_meta'
[1.961s] Level 1:colcon.colcon_core.package_identification:_identify(/home/orhan/turtle_homework1_v2/src/turtles) by extensions ['ros']
[1.961s] Level 1:colcon.colcon_core.package_identification:_identify(/home/orhan/turtle_homework1_v2/src/turtles) by extension 'ros'
[1.972s] DEBUG:colcon.colcon_core.package_identification:Package '/home/orhan/turtle_homework1_v2/src/turtles' with type 'ros.ament_python' and name 'turtles'
[1.973s] Level 1:colcon.colcon_core.package_discovery:discover_packages(recursive) using defaults
