[1.123s] Invoking command in '/home/orhan/turtle_homework1_v2/src/turtles': PYTHONPATH=/home/orhan/turtle_homework1_v2/build/turtles/prefix_override:/usr/lib/python3/dist-packages/colcon_core/task/python/colcon_distutils_commands:/home/orhan/turtle_homework1_v2/install/turtles/lib/python3.8/site-packages:${PYTHONPATH} /usr/bin/python3 -W ignore:setup.py install is deprecated -W ignore:easy_install command is deprecated setup.py egg_info --egg-base ../../build/turtles build --build-base /home/orhan/turtle_homework1_v2/build/turtles/build install --record /home/orhan/turtle_homework1_v2/build/turtles/install.log --install-scripts $base/lib/turtles --single-version-externally-managed install_data
[1.578s] running egg_info
[1.580s] writing ../../build/turtles/turtles.egg-info/PKG-INFO
[1.581s] writing dependency_links to ../../build/turtles/turtles.egg-info/dependency_links.txt
[1.581s] writing entry points to ../../build/turtles/turtles.egg-info/entry_points.txt
[1.581s] writing requirements to ../../build/turtles/turtles.egg-info/requires.txt
[1.581s] writing top-level names to ../../build/turtles/turtles.egg-info/top_level.txt
[1.639s] reading manifest file '../../build/turtles/turtles.egg-info/SOURCES.txt'
[1.641s] writing manifest file '../../build/turtles/turtles.egg-info/SOURCES.txt'
[1.641s] running build
[1.642s] running build_py
[1.642s] copying turtles/turtle_controler.py -> /home/orhan/turtle_homework1_v2/build/turtles/build/lib/turtles
[1.642s] running install
[1.644s] running install_lib
[1.646s] copying /home/orhan/turtle_homework1_v2/build/turtles/build/lib/turtles/turtle_controler.py -> /home/orhan/turtle_homework1_v2/install/turtles/lib/python3.8/site-packages/turtles
[1.647s] byte-compiling /home/orhan/turtle_homework1_v2/install/turtles/lib/python3.8/site-packages/turtles/turtle_controler.py to turtle_controler.cpython-38.pyc
[1.650s] running install_data
[1.650s] running install_egg_info
[1.653s] removing '/home/orhan/turtle_homework1_v2/install/turtles/lib/python3.8/site-packages/turtles-0.0.0-py3.8.egg-info' (and everything under it)
[1.653s] Copying ../../build/turtles/turtles.egg-info to /home/orhan/turtle_homework1_v2/install/turtles/lib/python3.8/site-packages/turtles-0.0.0-py3.8.egg-info
[1.654s] running install_scripts
[1.680s] Installing turtles script to /home/orhan/turtle_homework1_v2/install/turtles/lib/turtles
[1.680s] writing list of installed files to '/home/orhan/turtle_homework1_v2/build/turtles/install.log'
[1.715s] Invoked command in '/home/orhan/turtle_homework1_v2/src/turtles' returned '0': PYTHONPATH=/home/orhan/turtle_homework1_v2/build/turtles/prefix_override:/usr/lib/python3/dist-packages/colcon_core/task/python/colcon_distutils_commands:/home/orhan/turtle_homework1_v2/install/turtles/lib/python3.8/site-packages:${PYTHONPATH} /usr/bin/python3 -W ignore:setup.py install is deprecated -W ignore:easy_install command is deprecated setup.py egg_info --egg-base ../../build/turtles build --build-base /home/orhan/turtle_homework1_v2/build/turtles/build install --record /home/orhan/turtle_homework1_v2/build/turtles/install.log --install-scripts $base/lib/turtles --single-version-externally-managed install_data
