running egg_info
writing ../../build/turtles/turtles.egg-info/PKG-INFO
writing dependency_links to ../../build/turtles/turtles.egg-info/dependency_links.txt
writing entry points to ../../build/turtles/turtles.egg-info/entry_points.txt
writing requirements to ../../build/turtles/turtles.egg-info/requires.txt
writing top-level names to ../../build/turtles/turtles.egg-info/top_level.txt
reading manifest file '../../build/turtles/turtles.egg-info/SOURCES.txt'
writing manifest file '../../build/turtles/turtles.egg-info/SOURCES.txt'
running build
running build_py
copying turtles/turtle_controler.py -> /home/orhan/turtle_homework1_v2/build/turtles/build/lib/turtles
running install
running install_lib
copying /home/orhan/turtle_homework1_v2/build/turtles/build/lib/turtles/turtle_controler.py -> /home/orhan/turtle_homework1_v2/install/turtles/lib/python3.8/site-packages/turtles
byte-compiling /home/orhan/turtle_homework1_v2/install/turtles/lib/python3.8/site-packages/turtles/turtle_controler.py to turtle_controler.cpython-38.pyc
running install_data
running install_egg_info
removing '/home/orhan/turtle_homework1_v2/install/turtles/lib/python3.8/site-packages/turtles-0.0.0-py3.8.egg-info' (and everything under it)
Copying ../../build/turtles/turtles.egg-info to /home/orhan/turtle_homework1_v2/install/turtles/lib/python3.8/site-packages/turtles-0.0.0-py3.8.egg-info
running install_scripts
Installing turtles script to /home/orhan/turtle_homework1_v2/install/turtles/lib/turtles
writing list of installed files to '/home/orhan/turtle_homework1_v2/build/turtles/install.log'
